core #, data accesses, data misses, dmiss rate, insn accesses, insn misses, imiss rate
0       1809162        544             0.0301%  6236752        304             0.0049%

address, data misses, instruction
0x4001817de6, 36, 6b94              ld              a3,16(a5)
0x400181c6fa, 31, f398              sd              a4,32(a5)
0x40018147a4, 26, ff884783          lbu             a5,-8(a6)
0x4001817dee, 21, e314              sd              a3,0(a4)
0x40000005aa, 20, 000fa027          fsw             ft0,0(t6)
0x400000088e, 19, 000e2507          flw             fa0,0(t3)
0x4000000592, 19, 000fa027          fsw             ft0,0(t6)
0x4000000790, 19, 01fea027          fsw             ft11,0(t4)
0x4000000788, 19, 01fea027          fsw             ft11,0(t4)
0x4000000780, 19, 01fea027          fsw             ft11,0(t4)
0x4001817de4, 19, 6398              ld              a4,0(a5)
0x4000000656, 19, 00052507          flw             fa0,0(a0)
0x400000057c, 18, 000fa027          fsw             ft0,0(t6)
0x400000083e, 18, 000e2187          flw             ft3,0(t3)
0x4000000816, 18, 000e2187          flw             ft3,0(t3)
0x400000063a, 18, 00052507          flw             fa0,0(a0)
0x400000061e, 18, 00052507          flw             fa0,0(a0)
0x400000082a, 17, 000e2187          flw             ft3,0(t3)
0x4001817cf4, 7, e398              sd              a4,0(a5)
0x4001818abc, 4, e398              sd              a4,0(a5)
0x4001817e28, 4, 0047c703          lbu             a4,4(a5)
0x400181898c, 4, 438c              lw              a1,0(a5)
0x40018114f6, 4, 6898              ld              a4,16(s1)
0x400180f15c, 4, 00883023          sd              s0,0(a6)
0x4001817cf6, 4, 6b1c              ld              a5,16(a4)
0x400180bc68, 3, f390              sd              a2,32(a5)
0x4001816dc0, 3, 439c              lw              a5,0(a5)
0x4001818abe, 3, 6b1c              ld              a5,16(a4)
0x4001814736, 3, 000cc583          lbu             a1,0(s9)
0x40018114fe, 3, e398              sd              a4,0(a5)
0x40018114f4, 3, 609c              ld              a5,0(s1)
0x400181968a, 2, 0287b803          ld              a6,40(a5)

address, fetch misses, instruction
0x4000000780, 1, 01fea027          fsw             ft11,0(t4)
0x4001816dc0, 1, 439c              lw              a5,0(a5)
0x40018196c8, 1, 6b8c              ld              a1,16(a5)
0x4001817c80, 1, dced4683          lbu             a3,-562(s10)
0x4001817982, 1, e104              sd              s1,0(a0)
0x4001808802, 1, 411c              lw              a5,0(a0)
0x4001818200, 1, d6d43423          sd              a3,-664(s0)
0x400181be30, 1, 00054783          lbu             a5,0(a0)
0x4001816eb4, 1, 671c              ld              a5,8(a4)
0x4001819ca8, 1, 4501              mv              a0,zero
0x40018179c0, 1, cd0d              beqz            a0,58           # 0x40018179fa
0x4001817f8c, 1, 409c              lw              a5,0(s1)
0x4001808b36, 1, b1843783          ld              a5,-1256(s0)
0x400180f102, 1, e418              sd              a4,8(s0)
0x4001813100, 1, 01a78cb3          add             s9,a5,s10
0x4001811100, 1, 95be              add             a1,a1,a5
0x4001812842, 1, 8a4e              mv              s4,s3
0x40000005c0, 1, 9642b283          ld              t0,-1692(t0)
0x4001809100, 1, 4c813d83          ld              s11,1224(sp)
0x4001808842, 1, 8082              ret             
0x400180a840, 1, 7139              addi            sp,sp,-64
0x400180df80, 1, 1c078a63          beqz            a5,468          # 0x400180e154
0x40000005b4, 1, 1101              addi            sp,sp,-32
0x400181ae00, 1, 8082              ret             
0x4001816e02, 1, 6782              ld              a5,0(sp)
0x40018110e6, 1, 45853703          ld              a4,1112(a0)
0x4001812542, 1, 00e93023          sd              a4,0(s2)
0x400180bc82, 1, 0ba1              addi            s7,s7,8
0x40018113c2, 1, f0f43423          sd              a5,-248(s0)
0x4001818b02, 1, 0047f693          andi            a3,a5,4
0x4000000882, 1, 005c83b3          add             t2,s9,t0
0x4001811990, 1, f0843783          ld              a5,-248(s0)
