Instruction Classes:
Class: Unclassified            	counted individually
Individual Instructions:
Instr: 01dea027          fsw             ft9,0(t4)	(538200 hits)	(op=0x01dea027/Unclassified)
Instr: 000eae87          flw             ft9,0(t4)	(538200 hits)	(op=0x000eae87/Unclassified)
Instr: 01eefed3          fadd.s          dyn,ft9,ft9,ft10	(269100 hits)	(op=0x01eefed3/Unclassified)
Instr: 09eefed3          fsub.s          dyn,ft9,ft9,ft10	(269100 hits)	(op=0x09eefed3/Unclassified)
Instr: 000e2187          flw             ft3,0(t3)	(269100 hits)	(op=0x000e2187/Unclassified)
Instr: 00241293          slli            t0,s0,2	(179400 hits)	(op=0x00241293/Unclassified)
Instr: 00249313          slli            t1,s1,2	(179400 hits)	(op=0x00249313/Unclassified)
Instr: 1124d863          ble             s2,s1,272       # 0x400000090e	(90300 hits)	(op=0x1124d863/Unclassified)
Instr: 10037053          fmul.s          dyn,ft0,ft6,ft0	(89700 hits)	(op=0x10037053/Unclassified)
Instr: 005983b3          add             t2,s3,t0	(89700 hits)	(op=0x005983b3/Unclassified)
Instr: 0811f0d3          fsub.s          dyn,ft1,ft3,ft1	(89700 hits)	(op=0x0811f0d3/Unclassified)
Instr: 006c0eb3          add             t4,s8,t1	(89700 hits)	(op=0x006c0eb3/Unclassified)
Instr: 005a03b3          add             t2,s4,t0	(89700 hits)	(op=0x005a03b3/Unclassified)
Instr: 1010f253          fmul.s          dyn,ft4,ft1,ft1	(89700 hits)	(op=0x1010f253/Unclassified)
Instr: 0003a107          flw             ft2,0(t2)	(89700 hits)	(op=0x0003a107/Unclassified)
Instr: 005a83b3          add             t2,s5,t0	(89700 hits)	(op=0x005a83b3/Unclassified)
Instr: 5801f253          fsqrt.s         dyn,ft4,ft3	(89700 hits)	(op=0x5801f253/Unclassified)
Instr: 000e2507          flw             fa0,0(t3)	(89700 hits)	(op=0x000e2507/Unclassified)
Instr: 10707f53          fmul.s          dyn,ft10,ft0,ft7	(89700 hits)	(op=0x10707f53/Unclassified)
Instr: 006a0e33          add             t3,s4,t1	(89700 hits)	(op=0x006a0e33/Unclassified)
Instr: 0003a007          flw             ft0,0(t2)	(89700 hits)	(op=0x0003a007/Unclassified)
Instr: 01f1f1d3          fadd.s          dyn,ft3,ft3,ft11	(89700 hits)	(op=0x01f1f1d3/Unclassified)
Instr: 005c83b3          add             t2,s9,t0	(89700 hits)	(op=0x005c83b3/Unclassified)
Instr: 101370d3          fmul.s          dyn,ft1,ft6,ft1	(89700 hits)	(op=0x101370d3/Unclassified)
Instr: 185e7353          fdiv.s          dyn,ft6,ft8,ft5	(89700 hits)	(op=0x185e7353/Unclassified)
Instr: 0821f153          fsub.s          dyn,ft2,ft3,ft2	(89700 hits)	(op=0x0821f153/Unclassified)
Instr: 1070ff53          fmul.s          dyn,ft10,ft1,ft7	(89700 hits)	(op=0x1070ff53/Unclassified)
Instr: 00698e33          add             t3,s3,t1	(89700 hits)	(op=0x00698e33/Unclassified)
Instr: 006a8e33          add             t3,s5,t1	(89700 hits)	(op=0x006a8e33/Unclassified)
Instr: 0485              addi            s1,s1,1	(89700 hits)	(op=0xba580485/Unclassified)
Instr: 10717f53          fmul.s          dyn,ft10,ft2,ft7	(89700 hits)	(op=0x10717f53/Unclassified)
Instr: 10a07f53          fmul.s          dyn,ft10,ft0,fa0	(89700 hits)	(op=0x10a07f53/Unclassified)
Instr: 0801f053          fsub.s          dyn,ft0,ft3,ft0	(89700 hits)	(op=0x0801f053/Unclassified)
Instr: 102172d3          fmul.s          dyn,ft5,ft2,ft2	(89700 hits)	(op=0x102172d3/Unclassified)
Instr: 10a0ff53          fmul.s          dyn,ft10,ft1,fa0	(89700 hits)	(op=0x10a0ff53/Unclassified)
Instr: 100071d3          fmul.s          dyn,ft3,ft0,ft0	(89700 hits)	(op=0x100071d3/Unclassified)
Instr: 10a17f53          fmul.s          dyn,ft10,ft2,fa0	(89700 hits)	(op=0x10a17f53/Unclassified)
Instr: 0041f1d3          fadd.s          dyn,ft3,ft3,ft4	(89700 hits)	(op=0x0041f1d3/Unclassified)
Instr: 006c8e33          add             t3,s9,t1	(89700 hits)	(op=0x006c8e33/Unclassified)
Instr: 0003a087          flw             ft1,0(t2)	(89700 hits)	(op=0x0003a087/Unclassified)
Instr: 0051f1d3          fadd.s          dyn,ft3,ft3,ft5	(89700 hits)	(op=0x0051f1d3/Unclassified)
Instr: 005b0eb3          add             t4,s6,t0	(89700 hits)	(op=0x005b0eb3/Unclassified)
Instr: 10237153          fmul.s          dyn,ft2,ft6,ft2	(89700 hits)	(op=0x10237153/Unclassified)
Instr: 0003a387          flw             ft7,0(t2)	(89700 hits)	(op=0x0003a387/Unclassified)
Instr: 104272d3          fmul.s          dyn,ft5,ft4,ft4	(89700 hits)	(op=0x104272d3/Unclassified)
Instr: 006b0eb3          add             t4,s6,t1	(89700 hits)	(op=0x006b0eb3/Unclassified)
Instr: 005b8eb3          add             t4,s7,t0	(89700 hits)	(op=0x005b8eb3/Unclassified)
Instr: bdcd              j               -270            # 0x40000007fe	(89700 hits)	(op=0xba58bdcd/Unclassified)
Instr: 1042f2d3          fmul.s          dyn,ft5,ft5,ft4	(89700 hits)	(op=0x1042f2d3/Unclassified)
Instr: 006b8eb3          add             t4,s7,t1	(89700 hits)	(op=0x006b8eb3/Unclassified)
